# JRE version: Java(TM) SE Runtime Environment (8.0_181-b13) (build 1.8.0_181-b13)
# Java VM: Java HotSpot(TM) 64-Bit Server VM (25.181-b13 mixed mode linux-amd64 compressed oops)
Heap:
 PSYoungGen      total 57344K, used 6144K [0x00000000efd00000, 0x00000000f3b00000, 0x0000000100000000)
  eden space 51200K, 0% used [0x00000000efd00000,0x00000000efd00000,0x00000000f2f00000)
  from space 6144K, 100% used [0x00000000f2f00000,0x00000000f3500000,0x00000000f3500000)
  to   space 6144K, 0% used [0x00000000f3500000,0x00000000f3500000,0x00000000f3b00000)
 ParOldGen       total 34304K, used 10631K [0x00000000cf600000, 0x00000000d1780000, 0x00000000efd00000)
  object space 34304K, 30% used [0x00000000cf600000,0x00000000d0061d70,0x00000000d1780000)
 Metaspace       used 16448K, capacity 16764K, committed 17024K, reserved 1064960K
  class space    used 1971K, capacity 2078K, committed 2176K, reserved 1048576K
GC Heap History (10 events):
Event: 1,693 GC heap after
Heap after GC invocations=2 (full 0):
 PSYoungGen      total 14848K, used 2021K [0x00000000efd00000, 0x00000000f1a00000, 0x0000000100000000)
  eden space 12800K, 0% used [0x00000000efd00000,0x00000000efd00000,0x00000000f0980000)
  from space 2048K, 98% used [0x00000000f0b80000,0x00000000f0d79580,0x00000000f0d80000)
  to   space 2048K, 0% used [0x00000000f0980000,0x00000000f0980000,0x00000000f0b80000)
 ParOldGen       total 34304K, used 1976K [0x00000000cf600000, 0x00000000d1780000, 0x00000000efd00000)
  object space 34304K, 5% used [0x00000000cf600000,0x00000000cf7ee250,0x00000000d1780000)
 Metaspace       used 8400K, capacity 8588K, committed 8832K, reserved 1056768K
  class space    used 1017K, capacity 1080K, committed 1152K, reserved 1048576K
}
Event: 1,871 GC heap before
{Heap before GC invocations=3 (full 0):
 PSYoungGen      total 14848K, used 14821K [0x00000000efd00000, 0x00000000f1a00000, 0x0000000100000000)
  eden space 12800K, 100% used [0x00000000efd00000,0x00000000f0980000,0x00000000f0980000)
  from space 2048K, 98% used [0x00000000f0b80000,0x00000000f0d79580,0x00000000f0d80000)
  to   space 2048K, 0% used [0x00000000f0980000,0x00000000f0980000,0x00000000f0b80000)
 ParOldGen       total 34304K, used 1976K [0x00000000cf600000, 0x00000000d1780000, 0x00000000efd00000)
  object space 34304K, 5% used [0x00000000cf600000,0x00000000cf7ee250,0x00000000d1780000)
 Metaspace       used 9174K, capacity 9330K, committed 9472K, reserved 1056768K
  class space    used 1128K, capacity 1177K, committed 1280K, reserved 1048576K
Event: 1,874 GC heap after
Heap after GC invocations=3 (full 0):
 PSYoungGen      total 14848K, used 2032K [0x00000000efd00000, 0x00000000f1a00000, 0x0000000100000000)
  eden space 12800K, 0% used [0x00000000efd00000,0x00000000efd00000,0x00000000f0980000)
  from space 2048K, 99% used [0x00000000f0980000,0x00000000f0b7c010,0x00000000f0b80000)
  to   space 2048K, 0% used [0x00000000f1800000,0x00000000f1800000,0x00000000f1a00000)
 ParOldGen       total 34304K, used 2989K [0x00000000cf600000, 0x00000000d1780000, 0x00000000efd00000)
  object space 34304K, 8% used [0x00000000cf600000,0x00000000cf8eb440,0x00000000d1780000)
 Metaspace       used 9174K, capacity 9330K, committed 9472K, reserved 1056768K
  class space    used 1128K, capacity 1177K, committed 1280K, reserved 1048576K
}
Event: 2,111 GC heap before
{Heap before GC invocations=4 (full 0):
 PSYoungGen      total 14848K, used 14832K [0x00000000efd00000, 0x00000000f1a00000, 0x0000000100000000)
  eden space 12800K, 100% used [0x00000000efd00000,0x00000000f0980000,0x00000000f0980000)
  from space 2048K, 99% used [0x00000000f0980000,0x00000000f0b7c010,0x00000000f0b80000)
  to   space 2048K, 0% used [0x00000000f1800000,0x00000000f1800000,0x00000000f1a00000)
 ParOldGen       total 34304K, used 2989K [0x00000000cf600000, 0x00000000d1780000, 0x00000000efd00000)
  object space 34304K, 8% used [0x00000000cf600000,0x00000000cf8eb440,0x00000000d1780000)
 Metaspace       used 10645K, capacity 10798K, committed 11008K, reserved 1058816K
  class space    used 1317K, capacity 1411K, committed 1536K, reserved 1048576K
Event: 2,120 GC heap after
Heap after GC invocations=4 (full 0):
 PSYoungGen      total 27648K, used 2016K [0x00000000efd00000, 0x00000000f1a00000, 0x0000000100000000)
  eden space 25600K, 0% used [0x00000000efd00000,0x00000000efd00000,0x00000000f1600000)
  from space 2048K, 98% used [0x00000000f1800000,0x00000000f19f8020,0x00000000f1a00000)
  to   space 2048K, 0% used [0x00000000f1600000,0x00000000f1600000,0x00000000f1800000)
 ParOldGen       total 34304K, used 5119K [0x00000000cf600000, 0x00000000d1780000, 0x00000000efd00000)
  object space 34304K, 14% used [0x00000000cf600000,0x00000000cfaffd78,0x00000000d1780000)
 Metaspace       used 10645K, capacity 10798K, committed 11008K, reserved 1058816K
  class space    used 1317K, capacity 1411K, committed 1536K, reserved 1048576K
}
Event: 2,894 GC heap before
{Heap before GC invocations=5 (full 0):
 PSYoungGen      total 27648K, used 27616K [0x00000000efd00000, 0x00000000f1a00000, 0x0000000100000000)
  eden space 25600K, 100% used [0x00000000efd00000,0x00000000f1600000,0x00000000f1600000)
  from space 2048K, 98% used [0x00000000f1800000,0x00000000f19f8020,0x00000000f1a00000)
  to   space 2048K, 0% used [0x00000000f1600000,0x00000000f1600000,0x00000000f1800000)
 ParOldGen       total 34304K, used 5119K [0x00000000cf600000, 0x00000000d1780000, 0x00000000efd00000)
  object space 34304K, 14% used [0x00000000cf600000,0x00000000cfaffd78,0x00000000d1780000)
 Metaspace       used 13933K, capacity 14138K, committed 14464K, reserved 1062912K
  class space    used 1740K, capacity 1807K, committed 1920K, reserved 1048576K
Event: 2,908 GC heap after
Heap after GC invocations=5 (full 0):
 PSYoungGen      total 27648K, used 2032K [0x00000000efd00000, 0x00000000f3b00000, 0x0000000100000000)
  eden space 25600K, 0% used [0x00000000efd00000,0x00000000efd00000,0x00000000f1600000)
  from space 2048K, 99% used [0x00000000f1600000,0x00000000f17fc010,0x00000000f1800000)
  to   space 6144K, 0% used [0x00000000f3500000,0x00000000f3500000,0x00000000f3b00000)
 ParOldGen       total 34304K, used 9140K [0x00000000cf600000, 0x00000000d1780000, 0x00000000efd00000)
  object space 34304K, 26% used [0x00000000cf600000,0x00000000cfeed1b0,0x00000000d1780000)
 Metaspace       used 13933K, capacity 14138K, committed 14464K, reserved 1062912K
  class space    used 1740K, capacity 1807K, committed 1920K, reserved 1048576K
}
Event: 3,528 GC heap before
{Heap before GC invocations=6 (full 0):
 PSYoungGen      total 27648K, used 27632K [0x00000000efd00000, 0x00000000f3b00000, 0x0000000100000000)
  eden space 25600K, 100% used [0x00000000efd00000,0x00000000f1600000,0x00000000f1600000)
  from space 2048K, 99% used [0x00000000f1600000,0x00000000f17fc010,0x00000000f1800000)
  to   space 6144K, 0% used [0x00000000f3500000,0x00000000f3500000,0x00000000f3b00000)
 ParOldGen       total 34304K, used 9140K [0x00000000cf600000, 0x00000000d1780000, 0x00000000efd00000)
  object space 34304K, 26% used [0x00000000cf600000,0x00000000cfeed1b0,0x00000000d1780000)
 Metaspace       used 15334K, capacity 15512K, committed 15872K, reserved 1062912K
  class space    used 1871K, capacity 1940K, committed 2048K, reserved 1048576K
Event: 3,537 GC heap after
Heap after GC invocations=6 (full 0):
 PSYoungGen      total 57344K, used 4977K [0x00000000efd00000, 0x00000000f3b00000, 0x0000000100000000)
  eden space 51200K, 0% used [0x00000000efd00000,0x00000000efd00000,0x00000000f2f00000)
  from space 6144K, 81% used [0x00000000f3500000,0x00000000f39dc470,0x00000000f3b00000)
  to   space 6144K, 0% used [0x00000000f2f00000,0x00000000f2f00000,0x00000000f3500000)
 ParOldGen       total 34304K, used 9148K [0x00000000cf600000, 0x00000000d1780000, 0x00000000efd00000)
  object space 34304K, 26% used [0x00000000cf600000,0x00000000cfeef1b0,0x00000000d1780000)
 Metaspace       used 15334K, capacity 15512K, committed 15872K, reserved 1062912K
  class space    used 1871K, capacity 1940K, committed 2048K, reserved 1048576K
}
Event: 4,534 GC heap before
{Heap before GC invocations=7 (full 0):
 PSYoungGen      total 57344K, used 56177K [0x00000000efd00000, 0x00000000f3b00000, 0x0000000100000000)
  eden space 51200K, 100% used [0x00000000efd00000,0x00000000f2f00000,0x00000000f2f00000)
  from space 6144K, 81% used [0x00000000f3500000,0x00000000f39dc470,0x00000000f3b00000)
  to   space 6144K, 0% used [0x00000000f2f00000,0x00000000f2f00000,0x00000000f3500000)
 ParOldGen       total 34304K, used 9148K [0x00000000cf600000, 0x00000000d1780000, 0x00000000efd00000)
  object space 34304K, 26% used [0x00000000cf600000,0x00000000cfeef1b0,0x00000000d1780000)
 Metaspace       used 16448K, capacity 16764K, committed 17024K, reserved 1064960K
  class space    used 1971K, capacity 2078K, committed 2176K, reserved 1048576K

