# JRE version: Java(TM) SE Runtime Environment (8.0_181-b13) (build 1.8.0_181-b13)
# Java VM: Java HotSpot(TM) 64-Bit Server VM (25.181-b13 mixed mode linux-amd64 compressed oops)
Heap:
 PSYoungGen      total 57344K, used 6128K [0x00000000efd00000, 0x00000000f3b00000, 0x0000000100000000)
  eden space 51200K, 0% used [0x00000000efd00000,0x00000000efd00000,0x00000000f2f00000)
  from space 6144K, 99% used [0x00000000f2f00000,0x00000000f34fc010,0x00000000f3500000)
  to   space 6144K, 0% used [0x00000000f3500000,0x00000000f3500000,0x00000000f3b00000)
 ParOldGen       total 34304K, used 10622K [0x00000000cf600000, 0x00000000d1780000, 0x00000000efd00000)
  object space 34304K, 30% used [0x00000000cf600000,0x00000000d005f968,0x00000000d1780000)
 Metaspace       used 16433K, capacity 16764K, committed 17024K, reserved 1064960K
  class space    used 1971K, capacity 2078K, committed 2176K, reserved 1048576K
GC Heap History (10 events):
Event: 1,374 GC heap after
Heap after GC invocations=2 (full 0):
 PSYoungGen      total 14848K, used 2021K [0x00000000efd00000, 0x00000000f1a00000, 0x0000000100000000)
  eden space 12800K, 0% used [0x00000000efd00000,0x00000000efd00000,0x00000000f0980000)
  from space 2048K, 98% used [0x00000000f0b80000,0x00000000f0d79580,0x00000000f0d80000)
  to   space 2048K, 0% used [0x00000000f0980000,0x00000000f0980000,0x00000000f0b80000)
 ParOldGen       total 34304K, used 1939K [0x00000000cf600000, 0x00000000d1780000, 0x00000000efd00000)
  object space 34304K, 5% used [0x00000000cf600000,0x00000000cf7e4f38,0x00000000d1780000)
 Metaspace       used 8383K, capacity 8524K, committed 8832K, reserved 1056768K
  class space    used 1017K, capacity 1080K, committed 1152K, reserved 1048576K
}
Event: 1,671 GC heap before
{Heap before GC invocations=3 (full 0):
 PSYoungGen      total 14848K, used 14821K [0x00000000efd00000, 0x00000000f1a00000, 0x0000000100000000)
  eden space 12800K, 100% used [0x00000000efd00000,0x00000000f0980000,0x00000000f0980000)
  from space 2048K, 98% used [0x00000000f0b80000,0x00000000f0d79580,0x00000000f0d80000)
  to   space 2048K, 0% used [0x00000000f0980000,0x00000000f0980000,0x00000000f0b80000)
 ParOldGen       total 34304K, used 1939K [0x00000000cf600000, 0x00000000d1780000, 0x00000000efd00000)
  object space 34304K, 5% used [0x00000000cf600000,0x00000000cf7e4f38,0x00000000d1780000)
 Metaspace       used 9105K, capacity 9202K, committed 9472K, reserved 1056768K
  class space    used 1124K, capacity 1177K, committed 1280K, reserved 1048576K
Event: 1,676 GC heap after
Heap after GC invocations=3 (full 0):
 PSYoungGen      total 14848K, used 2029K [0x00000000efd00000, 0x00000000f1a00000, 0x0000000100000000)
  eden space 12800K, 0% used [0x00000000efd00000,0x00000000efd00000,0x00000000f0980000)
  from space 2048K, 99% used [0x00000000f0980000,0x00000000f0b7b640,0x00000000f0b80000)
  to   space 2048K, 0% used [0x00000000f1800000,0x00000000f1800000,0x00000000f1a00000)
 ParOldGen       total 34304K, used 2960K [0x00000000cf600000, 0x00000000d1780000, 0x00000000efd00000)
  object space 34304K, 8% used [0x00000000cf600000,0x00000000cf8e4170,0x00000000d1780000)
 Metaspace       used 9105K, capacity 9202K, committed 9472K, reserved 1056768K
  class space    used 1124K, capacity 1177K, committed 1280K, reserved 1048576K
}
Event: 1,856 GC heap before
{Heap before GC invocations=4 (full 0):
 PSYoungGen      total 14848K, used 14829K [0x00000000efd00000, 0x00000000f1a00000, 0x0000000100000000)
  eden space 12800K, 100% used [0x00000000efd00000,0x00000000f0980000,0x00000000f0980000)
  from space 2048K, 99% used [0x00000000f0980000,0x00000000f0b7b640,0x00000000f0b80000)
  to   space 2048K, 0% used [0x00000000f1800000,0x00000000f1800000,0x00000000f1a00000)
 ParOldGen       total 34304K, used 2960K [0x00000000cf600000, 0x00000000d1780000, 0x00000000efd00000)
  object space 34304K, 8% used [0x00000000cf600000,0x00000000cf8e4170,0x00000000d1780000)
 Metaspace       used 10571K, capacity 10798K, committed 11008K, reserved 1058816K
  class space    used 1312K, capacity 1411K, committed 1536K, reserved 1048576K
Event: 1,864 GC heap after
Heap after GC invocations=4 (full 0):
 PSYoungGen      total 27648K, used 2016K [0x00000000efd00000, 0x00000000f1a00000, 0x0000000100000000)
  eden space 25600K, 0% used [0x00000000efd00000,0x00000000efd00000,0x00000000f1600000)
  from space 2048K, 98% used [0x00000000f1800000,0x00000000f19f8020,0x00000000f1a00000)
  to   space 2048K, 0% used [0x00000000f1600000,0x00000000f1600000,0x00000000f1800000)
 ParOldGen       total 34304K, used 5039K [0x00000000cf600000, 0x00000000d1780000, 0x00000000efd00000)
  object space 34304K, 14% used [0x00000000cf600000,0x00000000cfaebca0,0x00000000d1780000)
 Metaspace       used 10571K, capacity 10798K, committed 11008K, reserved 1058816K
  class space    used 1312K, capacity 1411K, committed 1536K, reserved 1048576K
}
Event: 2,358 GC heap before
{Heap before GC invocations=5 (full 0):
 PSYoungGen      total 27648K, used 27616K [0x00000000efd00000, 0x00000000f1a00000, 0x0000000100000000)
  eden space 25600K, 100% used [0x00000000efd00000,0x00000000f1600000,0x00000000f1600000)
  from space 2048K, 98% used [0x00000000f1800000,0x00000000f19f8020,0x00000000f1a00000)
  to   space 2048K, 0% used [0x00000000f1600000,0x00000000f1600000,0x00000000f1800000)
 ParOldGen       total 34304K, used 5039K [0x00000000cf600000, 0x00000000d1780000, 0x00000000efd00000)
  object space 34304K, 14% used [0x00000000cf600000,0x00000000cfaebca0,0x00000000d1780000)
 Metaspace       used 13870K, capacity 14074K, committed 14208K, reserved 1060864K
  class space    used 1733K, capacity 1807K, committed 1920K, reserved 1048576K
Event: 2,366 GC heap after
Heap after GC invocations=5 (full 0):
 PSYoungGen      total 27648K, used 2032K [0x00000000efd00000, 0x00000000f3b00000, 0x0000000100000000)
  eden space 25600K, 0% used [0x00000000efd00000,0x00000000efd00000,0x00000000f1600000)
  from space 2048K, 99% used [0x00000000f1600000,0x00000000f17fc030,0x00000000f1800000)
  to   space 6144K, 0% used [0x00000000f3500000,0x00000000f3500000,0x00000000f3b00000)
 ParOldGen       total 34304K, used 9194K [0x00000000cf600000, 0x00000000d1780000, 0x00000000efd00000)
  object space 34304K, 26% used [0x00000000cf600000,0x00000000cfefab70,0x00000000d1780000)
 Metaspace       used 13870K, capacity 14074K, committed 14208K, reserved 1060864K
  class space    used 1733K, capacity 1807K, committed 1920K, reserved 1048576K
}
Event: 2,949 GC heap before
{Heap before GC invocations=6 (full 0):
 PSYoungGen      total 27648K, used 27632K [0x00000000efd00000, 0x00000000f3b00000, 0x0000000100000000)
  eden space 25600K, 100% used [0x00000000efd00000,0x00000000f1600000,0x00000000f1600000)
  from space 2048K, 99% used [0x00000000f1600000,0x00000000f17fc030,0x00000000f1800000)
  to   space 6144K, 0% used [0x00000000f3500000,0x00000000f3500000,0x00000000f3b00000)
 ParOldGen       total 34304K, used 9194K [0x00000000cf600000, 0x00000000d1780000, 0x00000000efd00000)
  object space 34304K, 26% used [0x00000000cf600000,0x00000000cfefab70,0x00000000d1780000)
 Metaspace       used 15328K, capacity 15512K, committed 15872K, reserved 1062912K
  class space    used 1871K, capacity 1940K, committed 2048K, reserved 1048576K
Event: 2,967 GC heap after
Heap after GC invocations=6 (full 0):
 PSYoungGen      total 57344K, used 4929K [0x00000000efd00000, 0x00000000f3b00000, 0x0000000100000000)
  eden space 51200K, 0% used [0x00000000efd00000,0x00000000efd00000,0x00000000f2f00000)
  from space 6144K, 80% used [0x00000000f3500000,0x00000000f39d0480,0x00000000f3b00000)
  to   space 6144K, 0% used [0x00000000f2f00000,0x00000000f2f00000,0x00000000f3500000)
 ParOldGen       total 34304K, used 9194K [0x00000000cf600000, 0x00000000d1780000, 0x00000000efd00000)
  object space 34304K, 26% used [0x00000000cf600000,0x00000000cfefab70,0x00000000d1780000)
 Metaspace       used 15328K, capacity 15512K, committed 15872K, reserved 1062912K
  class space    used 1871K, capacity 1940K, committed 2048K, reserved 1048576K
}
Event: 4,010 GC heap before
{Heap before GC invocations=7 (full 0):
 PSYoungGen      total 57344K, used 56129K [0x00000000efd00000, 0x00000000f3b00000, 0x0000000100000000)
  eden space 51200K, 100% used [0x00000000efd00000,0x00000000f2f00000,0x00000000f2f00000)
  from space 6144K, 80% used [0x00000000f3500000,0x00000000f39d0480,0x00000000f3b00000)
  to   space 6144K, 0% used [0x00000000f2f00000,0x00000000f2f00000,0x00000000f3500000)
 ParOldGen       total 34304K, used 9194K [0x00000000cf600000, 0x00000000d1780000, 0x00000000efd00000)
  object space 34304K, 26% used [0x00000000cf600000,0x00000000cfefab70,0x00000000d1780000)
 Metaspace       used 16433K, capacity 16764K, committed 17024K, reserved 1064960K
  class space    used 1971K, capacity 2078K, committed 2176K, reserved 1048576K

