# JRE version: Java(TM) SE Runtime Environment (8.0_181-b13) (build 1.8.0_181-b13)
# Java VM: Java HotSpot(TM) 64-Bit Server VM (25.181-b13 mixed mode linux-amd64 compressed oops)
Heap:
 PSYoungGen      total 110592K, used 8162K [0x00000000eff00000, 0x00000000f7300000, 0x0000000100000000)
  eden space 102400K, 0% used [0x00000000eff00000,0x00000000eff00000,0x00000000f6300000)
  from space 8192K, 99% used [0x00000000f6300000,0x00000000f6af8860,0x00000000f6b00000)
  to   space 8192K, 0% used [0x00000000f6b00000,0x00000000f6b00000,0x00000000f7300000)
 ParOldGen       total 39424K, used 39224K [0x00000000cfc00000, 0x00000000d2280000, 0x00000000eff00000)
  object space 39424K, 99% used [0x00000000cfc00000,0x00000000d224e1e0,0x00000000d2280000)
 Metaspace       used 26929K, capacity 27608K, committed 27904K, reserved 1073152K
  class space    used 3245K, capacity 3488K, committed 3584K, reserved 1048576K
GC Heap History (10 events):
Event: 1,565 GC heap after
Heap after GC invocations=3 (full 0):
 PSYoungGen      total 27648K, used 2048K [0x00000000eff00000, 0x00000000f3500000, 0x0000000100000000)
  eden space 25600K, 0% used [0x00000000eff00000,0x00000000eff00000,0x00000000f1800000)
  from space 2048K, 100% used [0x00000000f1800000,0x00000000f1a00000,0x00000000f1a00000)
  to   space 2048K, 0% used [0x00000000f3300000,0x00000000f3300000,0x00000000f3500000)
 ParOldGen       total 34304K, used 5044K [0x00000000cfc00000, 0x00000000d1d80000, 0x00000000eff00000)
  object space 34304K, 14% used [0x00000000cfc00000,0x00000000d00ed240,0x00000000d1d80000)
 Metaspace       used 10539K, capacity 10686K, committed 11008K, reserved 1058816K
  class space    used 1307K, capacity 1411K, committed 1536K, reserved 1048576K
}
Event: 2,068 GC heap before
{Heap before GC invocations=4 (full 0):
 PSYoungGen      total 27648K, used 27648K [0x00000000eff00000, 0x00000000f3500000, 0x0000000100000000)
  eden space 25600K, 100% used [0x00000000eff00000,0x00000000f1800000,0x00000000f1800000)
  from space 2048K, 100% used [0x00000000f1800000,0x00000000f1a00000,0x00000000f1a00000)
  to   space 2048K, 0% used [0x00000000f3300000,0x00000000f3300000,0x00000000f3500000)
 ParOldGen       total 34304K, used 5044K [0x00000000cfc00000, 0x00000000d1d80000, 0x00000000eff00000)
  object space 34304K, 14% used [0x00000000cfc00000,0x00000000d00ed240,0x00000000d1d80000)
 Metaspace       used 13781K, capacity 13962K, committed 14208K, reserved 1060864K
  class space    used 1728K, capacity 1807K, committed 1920K, reserved 1048576K
Event: 2,078 GC heap after
Heap after GC invocations=4 (full 0):
 PSYoungGen      total 53248K, used 2016K [0x00000000eff00000, 0x00000000f3500000, 0x0000000100000000)
  eden space 51200K, 0% used [0x00000000eff00000,0x00000000eff00000,0x00000000f3100000)
  from space 2048K, 98% used [0x00000000f3300000,0x00000000f34f8020,0x00000000f3500000)
  to   space 2048K, 0% used [0x00000000f3100000,0x00000000f3100000,0x00000000f3300000)
 ParOldGen       total 34304K, used 9207K [0x00000000cfc00000, 0x00000000d1d80000, 0x00000000eff00000)
  object space 34304K, 26% used [0x00000000cfc00000,0x00000000d04fde78,0x00000000d1d80000)
 Metaspace       used 13781K, capacity 13962K, committed 14208K, reserved 1060864K
  class space    used 1728K, capacity 1807K, committed 1920K, reserved 1048576K
}
Event: 3,567 GC heap before
{Heap before GC invocations=5 (full 0):
 PSYoungGen      total 53248K, used 53216K [0x00000000eff00000, 0x00000000f3500000, 0x0000000100000000)
  eden space 51200K, 100% used [0x00000000eff00000,0x00000000f3100000,0x00000000f3100000)
  from space 2048K, 98% used [0x00000000f3300000,0x00000000f34f8020,0x00000000f3500000)
  to   space 2048K, 0% used [0x00000000f3100000,0x00000000f3100000,0x00000000f3300000)
 ParOldGen       total 34304K, used 9207K [0x00000000cfc00000, 0x00000000d1d80000, 0x00000000eff00000)
  object space 34304K, 26% used [0x00000000cfc00000,0x00000000d04fde78,0x00000000d1d80000)
 Metaspace       used 16178K, capacity 16518K, committed 16768K, reserved 1064960K
  class space    used 1969K, capacity 2077K, committed 2176K, reserved 1048576K
Event: 3,580 GC heap after
Heap after GC invocations=5 (full 0):
 PSYoungGen      total 53248K, used 2032K [0x00000000eff00000, 0x00000000f7300000, 0x0000000100000000)
  eden space 51200K, 0% used [0x00000000eff00000,0x00000000eff00000,0x00000000f3100000)
  from space 2048K, 99% used [0x00000000f3100000,0x00000000f32fc030,0x00000000f3300000)
  to   space 8192K, 0% used [0x00000000f6b00000,0x00000000f6b00000,0x00000000f7300000)
 ParOldGen       total 34304K, used 13958K [0x00000000cfc00000, 0x00000000d1d80000, 0x00000000eff00000)
  object space 34304K, 40% used [0x00000000cfc00000,0x00000000d09a1bb0,0x00000000d1d80000)
 Metaspace       used 16178K, capacity 16518K, committed 16768K, reserved 1064960K
  class space    used 1969K, capacity 2077K, committed 2176K, reserved 1048576K
}
Event: 4,558 GC heap before
{Heap before GC invocations=6 (full 0):
 PSYoungGen      total 53248K, used 46300K [0x00000000eff00000, 0x00000000f7300000, 0x0000000100000000)
  eden space 51200K, 86% used [0x00000000eff00000,0x00000000f2a3b2e0,0x00000000f3100000)
  from space 2048K, 99% used [0x00000000f3100000,0x00000000f32fc030,0x00000000f3300000)
  to   space 8192K, 0% used [0x00000000f6b00000,0x00000000f6b00000,0x00000000f7300000)
 ParOldGen       total 34304K, used 13958K [0x00000000cfc00000, 0x00000000d1d80000, 0x00000000eff00000)
  object space 34304K, 40% used [0x00000000cfc00000,0x00000000d09a1bb0,0x00000000d1d80000)
 Metaspace       used 20748K, capacity 21164K, committed 21296K, reserved 1069056K
  class space    used 2541K, capacity 2670K, committed 2688K, reserved 1048576K
Event: 4,578 GC heap after
Heap after GC invocations=6 (full 0):
 PSYoungGen      total 110592K, used 5923K [0x00000000eff00000, 0x00000000f7300000, 0x0000000100000000)
  eden space 102400K, 0% used [0x00000000eff00000,0x00000000eff00000,0x00000000f6300000)
  from space 8192K, 72% used [0x00000000f6b00000,0x00000000f70c8fb8,0x00000000f7300000)
  to   space 8192K, 0% used [0x00000000f6300000,0x00000000f6300000,0x00000000f6b00000)
 ParOldGen       total 34304K, used 13966K [0x00000000cfc00000, 0x00000000d1d80000, 0x00000000eff00000)
  object space 34304K, 40% used [0x00000000cfc00000,0x00000000d09a3bb0,0x00000000d1d80000)
 Metaspace       used 20748K, capacity 21164K, committed 21296K, reserved 1069056K
  class space    used 2541K, capacity 2670K, committed 2688K, reserved 1048576K
}
Event: 4,579 GC heap before
{Heap before GC invocations=7 (full 1):
 PSYoungGen      total 110592K, used 5923K [0x00000000eff00000, 0x00000000f7300000, 0x0000000100000000)
  eden space 102400K, 0% used [0x00000000eff00000,0x00000000eff00000,0x00000000f6300000)
  from space 8192K, 72% used [0x00000000f6b00000,0x00000000f70c8fb8,0x00000000f7300000)
  to   space 8192K, 0% used [0x00000000f6300000,0x00000000f6300000,0x00000000f6b00000)
 ParOldGen       total 34304K, used 13966K [0x00000000cfc00000, 0x00000000d1d80000, 0x00000000eff00000)
  object space 34304K, 40% used [0x00000000cfc00000,0x00000000d09a3bb0,0x00000000d1d80000)
 Metaspace       used 20748K, capacity 21164K, committed 21296K, reserved 1069056K
  class space    used 2541K, capacity 2670K, committed 2688K, reserved 1048576K
Event: 4,640 GC heap after
Heap after GC invocations=7 (full 1):
 PSYoungGen      total 110592K, used 0K [0x00000000eff00000, 0x00000000f7300000, 0x0000000100000000)
  eden space 102400K, 0% used [0x00000000eff00000,0x00000000eff00000,0x00000000f6300000)
  from space 8192K, 0% used [0x00000000f6b00000,0x00000000f6b00000,0x00000000f7300000)
  to   space 8192K, 0% used [0x00000000f6300000,0x00000000f6300000,0x00000000f6b00000)
 ParOldGen       total 35328K, used 10359K [0x00000000cfc00000, 0x00000000d1e80000, 0x00000000eff00000)
  object space 35328K, 29% used [0x00000000cfc00000,0x00000000d061dca8,0x00000000d1e80000)
 Metaspace       used 20748K, capacity 21164K, committed 21296K, reserved 1069056K
  class space    used 2541K, capacity 2670K, committed 2688K, reserved 1048576K
}
Event: 6,801 GC heap before
{Heap before GC invocations=8 (full 1):
 PSYoungGen      total 110592K, used 100633K [0x00000000eff00000, 0x00000000f7300000, 0x0000000100000000)
  eden space 102400K, 98% used [0x00000000eff00000,0x00000000f61464d0,0x00000000f6300000)
  from space 8192K, 0% used [0x00000000f6b00000,0x00000000f6b00000,0x00000000f7300000)
  to   space 8192K, 0% used [0x00000000f6300000,0x00000000f6300000,0x00000000f6b00000)
 ParOldGen       total 35328K, used 12800K [0x00000000cfc00000, 0x00000000d1e80000, 0x00000000eff00000)
  object space 35328K, 36% used [0x00000000cfc00000,0x00000000d0880258,0x00000000d1e80000)
 Metaspace       used 26929K, capacity 27608K, committed 27904K, reserved 1073152K
  class space    used 3245K, capacity 3488K, committed 3584K, reserved 1048576K

